[I 2026-04-29 11:13:26,739] Trial 9 finished with value: 0.7393200033236733 and parameters: {'learning_rate': 0.02013883775622569, 'max_depth': 9, 'min_child_weight': 74, 'subsample': 0.8916028672163949, 'colsample_bytree': 0.9085081386743783, 'reg_alpha': 0.0017555920939359142, 'reg_lambda': 0.015251273957388446, 'gamma': 0.11586905952512971}. Best is trial 7 with value: 0.739977589935992.
/Users/admin/project_4/src/tune_optuna_xgb.py:62: Pandas4Warning: For backward compatibility, 'str' dtypes are included by select_dtypes when 'object' dtype is specified. This behavior is deprecated and will be removed in a future version. Explicitly pass 'str' to `include` to select them, or to `exclude` to remove them and silence this warning.
See https://pandas.pydata.org/docs/user_guide/migration-3-strings.html#string-migration-select-dtypes for details on how to write code that works with pandas 2 and 3.
  obj_cols = Xtr.select_dtypes(include=["object", "category"]).columns.tolist()
/Users/admin/project_4/src/tune_optuna_xgb.py:62: Pandas4Warning: For backward compatibility, 'str' dtypes are included by select_dtypes when 'object' dtype is specified. This behavior is deprecated and will be removed in a future version. Explicitly pass 'str' to `include` to select them, or to `exclude` to remove them and silence this warning.
See https://pandas.pydata.org/docs/user_guide/migration-3-strings.html#string-migration-select-dtypes for details on how to write code that works with pandas 2 and 3.
  obj_cols = Xtr.select_dtypes(include=["object", "category"]).columns.tolist()
/Users/admin/project_4/src/tune_optuna_xgb.py:62: Pandas4Warning: For backward compatibility, 'str' dtypes are included by select_dtypes when 'object' dtype is specified. This behavior is deprecated and will be removed in a future version. Explicitly pass 'str' to `include` to select them, or to `exclude` to remove them and silence this warning.
See https://pandas.pydata.org/docs/user_guide/migration-3-strings.html#string-migration-select-dtypes for details on how to write code that works with pandas 2 and 3.
  obj_cols = Xtr.select_dtypes(include=["object", "category"]).columns.tolist()
[I 2026-04-29 11:13:59,938] Trial 10 finished with value: 0.739815914878228 and parameters: {'learning_rate': 0.06535045067262027, 'max_depth': 5, 'min_child_weight': 43, 'subsample': 0.6071847502459278, 'colsample_bytree': 0.7681616032737589, 'reg_alpha': 0.01800356325515251, 'reg_lambda': 1.6035821770966252, 'gamma': 0.6765723797427797}. Best is trial 7 with value: 0.739977589935992.
/Users/admin/project_4/src/tune_optuna_xgb.py:62: Pandas4Warning: For backward compatibility, 'str' dtypes are included by select_dtypes when 'object' dtype is specified. This behavior is deprecated and will be removed in a future version. Explicitly pass 'str' to `include` to select them, or to `exclude` to remove them and silence this warning.
See https://pandas.pydata.org/docs/user_guide/migration-3-strings.html#string-migration-select-dtypes for details on how to write code that works with pandas 2 and 3.
  obj_cols = Xtr.select_dtypes(include=["object", "category"]).columns.tolist()
/Users/admin/project_4/src/tune_optuna_xgb.py:62: Pandas4Warning: For backward compatibility, 'str' dtypes are included by select_dtypes when 'object' dtype is specified. This behavior is deprecated and will be removed in a future version. Explicitly pass 'str' to `include` to select them, or to `exclude` to remove them and silence this warning.
See https://pandas.pydata.org/docs/user_guide/migration-3-strings.html#string-migration-select-dtypes for details on how to write code that works with pandas 2 and 3.
  obj_cols = Xtr.select_dtypes(include=["object", "category"]).columns.tolist()
/Users/admin/project_4/src/tune_optuna_xgb.py:62: Pandas4Warning: For backward compatibility, 'str' dtypes are included by select_dtypes when 'object' dtype is specified. This behavior is deprecated and will be removed in a future version. Explicitly pass 'str' to `include` to select them, or to `exclude` to remove them and silence this warning.
See https://pandas.pydata.org/docs/user_guide/migration-3-strings.html#string-migration-select-dtypes for details on how to write code that works with pandas 2 and 3.
  obj_cols = Xtr.select_dtypes(include=["object", "category"]).columns.tolist()
[I 2026-04-29 11:14:35,813] Trial 11 finished with value: 0.7398271364071194 and parameters: {'learning_rate': 0.04845034487718995, 'max_depth': 6, 'min_child_weight': 98, 'subsample': 0.7184348852751731, 'colsample_bytree': 0.9699247027885926, 'reg_alpha': 0.306399764026604, 'reg_lambda': 0.7712162655207253, 'gamma': 0.9401945061680118}. Best is trial 7 with value: 0.739977589935992.
/Users/admin/project_4/src/tune_optuna_xgb.py:62: Pandas4Warning: For backward compatibility, 'str' dtypes are included by select_dtypes when 'object' dtype is specified. This behavior is deprecated and will be removed in a future version. Explicitly pass 'str' to `include` to select them, or to `exclude` to remove them and silence this warning.
See https://pandas.pydata.org/docs/user_guide/migration-3-strings.html#string-migration-select-dtypes for details on how to write code that works with pandas 2 and 3.
  obj_cols = Xtr.select_dtypes(include=["object", "category"]).columns.tolist()
/Users/admin/project_4/src/tune_optuna_xgb.py:62: Pandas4Warning: For backward compatibility, 'str' dtypes are included by select_dtypes when 'object' dtype is specified. This behavior is deprecated and will be removed in a future version. Explicitly pass 'str' to `include` to select them, or to `exclude` to remove them and silence this warning.
See https://pandas.pydata.org/docs/user_guide/migration-3-strings.html#string-migration-select-dtypes for details on how to write code that works with pandas 2 and 3.
  obj_cols = Xtr.select_dtypes(include=["object", "category"]).columns.tolist()
/Users/admin/project_4/src/tune_optuna_xgb.py:62: Pandas4Warning: For backward compatibility, 'str' dtypes are included by select_dtypes when 'object' dtype is specified. This behavior is deprecated and will be removed in a future version. Explicitly pass 'str' to `include` to select them, or to `exclude` to remove them and silence this warning.
See https://pandas.pydata.org/docs/user_guide/migration-3-strings.html#string-migration-select-dtypes for details on how to write code that works with pandas 2 and 3.
  obj_cols = Xtr.select_dtypes(include=["object", "category"]).columns.tolist()
[I 2026-04-29 11:15:13,975] Trial 12 finished with value: 0.7398385294807693 and parameters: {'learning_rate': 0.050713413841031015, 'max_depth': 5, 'min_child_weight': 67, 'subsample': 0.7550376816255844, 'colsample_bytree': 0.7835458343977252, 'reg_alpha': 0.03915799072852559, 'reg_lambda': 0.061831573027132276, 'gamma': 0.6768180580956149}. Best is trial 7 with value: 0.739977589935992.
/Users/admin/project_4/src/tune_optuna_xgb.py:62: Pandas4Warning: For backward compatibility, 'str' dtypes are included by select_dtypes when 'object' dtype is specified. This behavior is deprecated and will be removed in a future version. Explicitly pass 'str' to `include` to select them, or to `exclude` to remove them and silence this warning.
See https://pandas.pydata.org/docs/user_guide/migration-3-strings.html#string-migration-select-dtypes for details on how to write code that works with pandas 2 and 3.
  obj_cols = Xtr.select_dtypes(include=["object", "category"]).columns.tolist()
/Users/admin/project_4/src/tune_optuna_xgb.py:62: Pandas4Warning: For backward compatibility, 'str' dtypes are included by select_dtypes when 'object' dtype is specified. This behavior is deprecated and will be removed in a future version. Explicitly pass 'str' to `include` to select them, or to `exclude` to remove them and silence this warning.
See https://pandas.pydata.org/docs/user_guide/migration-3-strings.html#string-migration-select-dtypes for details on how to write code that works with pandas 2 and 3.
  obj_cols = Xtr.select_dtypes(include=["object", "category"]).columns.tolist()
/Users/admin/project_4/src/tune_optuna_xgb.py:62: Pandas4Warning: For backward compatibility, 'str' dtypes are included by select_dtypes when 'object' dtype is specified. This behavior is deprecated and will be removed in a future version. Explicitly pass 'str' to `include` to select them, or to `exclude` to remove them and silence this warning.
See https://pandas.pydata.org/docs/user_guide/migration-3-strings.html#string-migration-select-dtypes for details on how to write code that works with pandas 2 and 3.
  obj_cols = Xtr.select_dtypes(include=["object", "category"]).columns.tolist()
[I 2026-04-29 11:15:50,968] Trial 13 finished with value: 0.7399385917765812 and parameters: {'learning_rate': 0.05656301890565194, 'max_depth': 5, 'min_child_weight': 65, 'subsample': 0.7371197153065265, 'colsample_bytree': 0.7727357599486646, 'reg_alpha': 0.027415622747759723, 'reg_lambda': 0.0359845202747368, 'gamma': 0.6692081609842245}. Best is trial 7 with value: 0.739977589935992.
/Users/admin/project_4/src/tune_optuna_xgb.py:62: Pandas4Warning: For backward compatibility, 'str' dtypes are included by select_dtypes when 'object' dtype is specified. This behavior is deprecated and will be removed in a future version. Explicitly pass 'str' to `include` to select them, or to `exclude` to remove them and silence this warning.
See https://pandas.pydata.org/docs/user_guide/migration-3-strings.html#string-migration-select-dtypes for details on how to write code that works with pandas 2 and 3.
  obj_cols = Xtr.select_dtypes(include=["object", "category"]).columns.tolist()
/Users/admin/project_4/src/tune_optuna_xgb.py:62: Pandas4Warning: For backward compatibility, 'str' dtypes are included by select_dtypes when 'object' dtype is specified. This behavior is deprecated and will be removed in a future version. Explicitly pass 'str' to `include` to select them, or to `exclude` to remove them and silence this warning.
See https://pandas.pydata.org/docs/user_guide/migration-3-strings.html#string-migration-select-dtypes for details on how to write code that works with pandas 2 and 3.
  obj_cols = Xtr.select_dtypes(include=["object", "category"]).columns.tolist()
/Users/admin/project_4/src/tune_optuna_xgb.py:62: Pandas4Warning: For backward compatibility, 'str' dtypes are included by select_dtypes when 'object' dtype is specified. This behavior is deprecated and will be removed in a future version. Explicitly pass 'str' to `include` to select them, or to `exclude` to remove them and silence this warning.
See https://pandas.pydata.org/docs/user_guide/migration-3-strings.html#string-migration-select-dtypes for details on how to write code that works with pandas 2 and 3.
  obj_cols = Xtr.select_dtypes(include=["object", "category"]).columns.tolist()
[I 2026-04-29 11:16:21,388] Trial 14 finished with value: 0.7397779819244056 and parameters: {'learning_rate': 0.06295258690599564, 'max_depth': 6, 'min_child_weight': 38, 'subsample': 0.6444973648284471, 'colsample_bytree': 0.732365136722726, 'reg_alpha': 0.011307842544909534, 'reg_lambda': 0.0335316310476304, 'gamma': 0.6526391967372354}. Best is trial 7 with value: 0.739977589935992.
/Users/admin/project_4/src/tune_optuna_xgb.py:62: Pandas4Warning: For backward compatibility, 'str' dtypes are included by select_dtypes when 'object' dtype is specified. This behavior is deprecated and will be removed in a future version. Explicitly pass 'str' to `include` to select them, or to `exclude` to remove them and silence this warning.
See https://pandas.pydata.org/docs/user_guide/migration-3-strings.html#string-migration-select-dtypes for details on how to write code that works with pandas 2 and 3.
  obj_cols = Xtr.select_dtypes(include=["object", "category"]).columns.tolist()
/Users/admin/project_4/src/tune_optuna_xgb.py:62: Pandas4Warning: For backward compatibility, 'str' dtypes are included by select_dtypes when 'object' dtype is specified. This behavior is deprecated and will be removed in a future version. Explicitly pass 'str' to `include` to select them, or to `exclude` to remove them and silence this warning.
See https://pandas.pydata.org/docs/user_guide/migration-3-strings.html#string-migration-select-dtypes for details on how to write code that works with pandas 2 and 3.
  obj_cols = Xtr.select_dtypes(include=["object", "category"]).columns.tolist()
/Users/admin/project_4/src/tune_optuna_xgb.py:62: Pandas4Warning: For backward compatibility, 'str' dtypes are included by select_dtypes when 'object' dtype is specified. This behavior is deprecated and will be removed in a future version. Explicitly pass 'str' to `include` to select them, or to `exclude` to remove them and silence this warning.
See https://pandas.pydata.org/docs/user_guide/migration-3-strings.html#string-migration-select-dtypes for details on how to write code that works with pandas 2 and 3.
  obj_cols = Xtr.select_dtypes(include=["object", "category"]).columns.tolist()
[I 2026-04-29 11:16:56,851] Trial 15 finished with value: 0.7399831949227151 and parameters: {'learning_rate': 0.05370001423136877, 'max_depth': 5, 'min_child_weight': 60, 'subsample': 0.6755671833905018, 'colsample_bytree': 0.8632229699655527, 'reg_alpha': 0.07096545787933752, 'reg_lambda': 0.3950774119346147, 'gamma': 0.008558539994913072}. Best is trial 15 with value: 0.7399831949227151.
/Users/admin/project_4/src/tune_optuna_xgb.py:62: Pandas4Warning: For backward compatibility, 'str' dtypes are included by select_dtypes when 'object' dtype is specified. This behavior is deprecated and will be removed in a future version. Explicitly pass 'str' to `include` to select them, or to `exclude` to remove them and silence this warning.
See https://pandas.pydata.org/docs/user_guide/migration-3-strings.html#string-migration-select-dtypes for details on how to write code that works with pandas 2 and 3.
  obj_cols = Xtr.select_dtypes(include=["object", "category"]).columns.tolist()
/Users/admin/project_4/src/tune_optuna_xgb.py:62: Pandas4Warning: For backward compatibility, 'str' dtypes are included by select_dtypes when 'object' dtype is specified. This behavior is deprecated and will be removed in a future version. Explicitly pass 'str' to `include` to select them, or to `exclude` to remove them and silence this warning.
See https://pandas.pydata.org/docs/user_guide/migration-3-strings.html#string-migration-select-dtypes for details on how to write code that works with pandas 2 and 3.
  obj_cols = Xtr.select_dtypes(include=["object", "category"]).columns.tolist()
/Users/admin/project_4/src/tune_optuna_xgb.py:62: Pandas4Warning: For backward compatibility, 'str' dtypes are included by select_dtypes when 'object' dtype is specified. This behavior is deprecated and will be removed in a future version. Explicitly pass 'str' to `include` to select them, or to `exclude` to remove them and silence this warning.
See https://pandas.pydata.org/docs/user_guide/migration-3-strings.html#string-migration-select-dtypes for details on how to write code that works with pandas 2 and 3.
  obj_cols = Xtr.select_dtypes(include=["object", "category"]).columns.tolist()
[I 2026-04-29 11:17:42,755] Trial 16 finished with value: 0.7397966640221993 and parameters: {'learning_rate': 0.0262196093419199, 'max_depth': 7, 'min_child_weight': 58, 'subsample': 0.6716886338824195, 'colsample_bytree': 0.8682180570419546, 'reg_alpha': 0.11138896325666732, 'reg_lambda': 0.48719805514186904, 'gamma': 0.01722673288771065}. Best is trial 15 with value: 0.7399831949227151.
/Users/admin/project_4/src/tune_optuna_xgb.py:62: Pandas4Warning: For backward compatibility, 'str' dtypes are included by select_dtypes when 'object' dtype is specified. This behavior is deprecated and will be removed in a future version. Explicitly pass 'str' to `include` to select them, or to `exclude` to remove them and silence this warning.
See https://pandas.pydata.org/docs/user_guide/migration-3-strings.html#string-migration-select-dtypes for details on how to write code that works with pandas 2 and 3.
  obj_cols = Xtr.select_dtypes(include=["object", "category"]).columns.tolist()
/Users/admin/project_4/src/tune_optuna_xgb.py:62: Pandas4Warning: For backward compatibility, 'str' dtypes are included by select_dtypes when 'object' dtype is specified. This behavior is deprecated and will be removed in a future version. Explicitly pass 'str' to `include` to select them, or to `exclude` to remove them and silence this warning.
See https://pandas.pydata.org/docs/user_guide/migration-3-strings.html#string-migration-select-dtypes for details on how to write code that works with pandas 2 and 3.
  obj_cols = Xtr.select_dtypes(include=["object", "category"]).columns.tolist()
/Users/admin/project_4/src/tune_optuna_xgb.py:62: Pandas4Warning: For backward compatibility, 'str' dtypes are included by select_dtypes when 'object' dtype is specified. This behavior is deprecated and will be removed in a future version. Explicitly pass 'str' to `include` to select them, or to `exclude` to remove them and silence this warning.
See https://pandas.pydata.org/docs/user_guide/migration-3-strings.html#string-migration-select-dtypes for details on how to write code that works with pandas 2 and 3.
  obj_cols = Xtr.select_dtypes(include=["object", "category"]).columns.tolist()
[I 2026-04-29 11:18:17,854] Trial 17 finished with value: 0.7397799288779943 and parameters: {'learning_rate': 0.04478749633793275, 'max_depth': 6, 'min_child_weight': 33, 'subsample': 0.6732132011401761, 'colsample_bytree': 0.8887781922242812, 'reg_alpha': 0.008490962289571795, 'reg_lambda': 1.0093902134142085, 'gamma': 0.3101013428557408}. Best is trial 15 with value: 0.7399831949227151.
/Users/admin/project_4/src/tune_optuna_xgb.py:62: Pandas4Warning: For backward compatibility, 'str' dtypes are included by select_dtypes when 'object' dtype is specified. This behavior is deprecated and will be removed in a future version. Explicitly pass 'str' to `include` to select them, or to `exclude` to remove them and silence this warning.
See https://pandas.pydata.org/docs/user_guide/migration-3-strings.html#string-migration-select-dtypes for details on how to write code that works with pandas 2 and 3.
  obj_cols = Xtr.select_dtypes(include=["object", "category"]).columns.tolist()
/Users/admin/project_4/src/tune_optuna_xgb.py:62: Pandas4Warning: For backward compatibility, 'str' dtypes are included by select_dtypes when 'object' dtype is specified. This behavior is deprecated and will be removed in a future version. Explicitly pass 'str' to `include` to select them, or to `exclude` to remove them and silence this warning.
See https://pandas.pydata.org/docs/user_guide/migration-3-strings.html#string-migration-select-dtypes for details on how to write code that works with pandas 2 and 3.
  obj_cols = Xtr.select_dtypes(include=["object", "category"]).columns.tolist()
/Users/admin/project_4/src/tune_optuna_xgb.py:62: Pandas4Warning: For backward compatibility, 'str' dtypes are included by select_dtypes when 'object' dtype is specified. This behavior is deprecated and will be removed in a future version. Explicitly pass 'str' to `include` to select them, or to `exclude` to remove them and silence this warning.
See https://pandas.pydata.org/docs/user_guide/migration-3-strings.html#string-migration-select-dtypes for details on how to write code that works with pandas 2 and 3.
  obj_cols = Xtr.select_dtypes(include=["object", "category"]).columns.tolist()
[I 2026-04-29 11:19:06,934] Trial 18 finished with value: 0.739993821485145 and parameters: {'learning_rate': 0.0345768315883634, 'max_depth': 5, 'min_child_weight': 82, 'subsample': 0.7882388631392692, 'colsample_bytree': 0.8160380080454376, 'reg_alpha': 0.11216718224103317, 'reg_lambda': 1.9899912841476488, 'gamma': 0.0236404158278905}. Best is trial 18 with value: 0.739993821485145.
/Users/admin/project_4/src/tune_optuna_xgb.py:62: Pandas4Warning: For backward compatibility, 'str' dtypes are included by select_dtypes when 'object' dtype is specified. This behavior is deprecated and will be removed in a future version. Explicitly pass 'str' to `include` to select them, or to `exclude` to remove them and silence this warning.
See https://pandas.pydata.org/docs/user_guide/migration-3-strings.html#string-migration-select-dtypes for details on how to write code that works with pandas 2 and 3.
  obj_cols = Xtr.select_dtypes(include=["object", "category"]).columns.tolist()
/Users/admin/project_4/src/tune_optuna_xgb.py:62: Pandas4Warning: For backward compatibility, 'str' dtypes are included by select_dtypes when 'object' dtype is specified. This behavior is deprecated and will be removed in a future version. Explicitly pass 'str' to `include` to select them, or to `exclude` to remove them and silence this warning.
See https://pandas.pydata.org/docs/user_guide/migration-3-strings.html#string-migration-select-dtypes for details on how to write code that works with pandas 2 and 3.
  obj_cols = Xtr.select_dtypes(include=["object", "category"]).columns.tolist()
/Users/admin/project_4/src/tune_optuna_xgb.py:62: Pandas4Warning: For backward compatibility, 'str' dtypes are included by select_dtypes when 'object' dtype is specified. This behavior is deprecated and will be removed in a future version. Explicitly pass 'str' to `include` to select them, or to `exclude` to remove them and silence this warning.
See https://pandas.pydata.org/docs/user_guide/migration-3-strings.html#string-migration-select-dtypes for details on how to write code that works with pandas 2 and 3.
  obj_cols = Xtr.select_dtypes(include=["object", "category"]).columns.tolist()
