[I 2026-04-29 11:27:53,578] Trial 29 finished with value: 0.7400196363504563 and parameters: {'learning_rate': 0.024028220654423536, 'max_depth': 5, 'min_child_weight': 51, 'subsample': 0.8653950340388286, 'colsample_bytree': 0.692291307027862, 'reg_alpha': 0.6222331001122668, 'reg_lambda': 0.2705207603747197, 'gamma': 0.44188294509959725}. Best is trial 25 with value: 0.7400630624295238.

[3/3] Best: 0.74006
  Best params: {'learning_rate': 0.025250437590382042, 'max_depth': 5, 'min_child_weight': 75, 'subsample': 0.7659271582233903, 'colsample_bytree': 0.7996037522585402, 'reg_alpha': 0.30155382799902186, 'reg_lambda': 1.1054754050726803, 'gamma': 0.27694592828427284}
  Total time: 21.5 min
  Saved: models/optuna_summary_xgb.json
