[I 2026-04-29 11:19:56,275] Trial 19 finished with value: 0.7400483745052301 and parameters: {'learning_rate': 0.034118630653851664, 'max_depth': 5, 'min_child_weight': 83, 'subsample': 0.7890678454560018, 'colsample_bytree': 0.8159745318721936, 'reg_alpha': 0.08966388967922832, 'reg_lambda': 1.7993523262317068, 'gamma': 0.06784096496904651}. Best is trial 19 with value: 0.7400483745052301.
/Users/admin/project_4/src/tune_optuna_xgb.py:62: Pandas4Warning: For backward compatibility, 'str' dtypes are included by select_dtypes when 'object' dtype is specified. This behavior is deprecated and will be removed in a future version. Explicitly pass 'str' to `include` to select them, or to `exclude` to remove them and silence this warning.
See https://pandas.pydata.org/docs/user_guide/migration-3-strings.html#string-migration-select-dtypes for details on how to write code that works with pandas 2 and 3.
  obj_cols = Xtr.select_dtypes(include=["object", "category"]).columns.tolist()
/Users/admin/project_4/src/tune_optuna_xgb.py:62: Pandas4Warning: For backward compatibility, 'str' dtypes are included by select_dtypes when 'object' dtype is specified. This behavior is deprecated and will be removed in a future version. Explicitly pass 'str' to `include` to select them, or to `exclude` to remove them and silence this warning.
See https://pandas.pydata.org/docs/user_guide/migration-3-strings.html#string-migration-select-dtypes for details on how to write code that works with pandas 2 and 3.
  obj_cols = Xtr.select_dtypes(include=["object", "category"]).columns.tolist()
/Users/admin/project_4/src/tune_optuna_xgb.py:62: Pandas4Warning: For backward compatibility, 'str' dtypes are included by select_dtypes when 'object' dtype is specified. This behavior is deprecated and will be removed in a future version. Explicitly pass 'str' to `include` to select them, or to `exclude` to remove them and silence this warning.
See https://pandas.pydata.org/docs/user_guide/migration-3-strings.html#string-migration-select-dtypes for details on how to write code that works with pandas 2 and 3.
  obj_cols = Xtr.select_dtypes(include=["object", "category"]).columns.tolist()
[I 2026-04-29 11:20:37,063] Trial 20 finished with value: 0.7397360914488919 and parameters: {'learning_rate': 0.03462844304755538, 'max_depth': 7, 'min_child_weight': 85, 'subsample': 0.8397544539523791, 'colsample_bytree': 0.8289586910537652, 'reg_alpha': 0.32998722043953627, 'reg_lambda': 1.9789622595792697, 'gamma': 0.08567079788192145}. Best is trial 19 with value: 0.7400483745052301.
/Users/admin/project_4/src/tune_optuna_xgb.py:62: Pandas4Warning: For backward compatibility, 'str' dtypes are included by select_dtypes when 'object' dtype is specified. This behavior is deprecated and will be removed in a future version. Explicitly pass 'str' to `include` to select them, or to `exclude` to remove them and silence this warning.
See https://pandas.pydata.org/docs/user_guide/migration-3-strings.html#string-migration-select-dtypes for details on how to write code that works with pandas 2 and 3.
  obj_cols = Xtr.select_dtypes(include=["object", "category"]).columns.tolist()
/Users/admin/project_4/src/tune_optuna_xgb.py:62: Pandas4Warning: For backward compatibility, 'str' dtypes are included by select_dtypes when 'object' dtype is specified. This behavior is deprecated and will be removed in a future version. Explicitly pass 'str' to `include` to select them, or to `exclude` to remove them and silence this warning.
See https://pandas.pydata.org/docs/user_guide/migration-3-strings.html#string-migration-select-dtypes for details on how to write code that works with pandas 2 and 3.
  obj_cols = Xtr.select_dtypes(include=["object", "category"]).columns.tolist()
/Users/admin/project_4/src/tune_optuna_xgb.py:62: Pandas4Warning: For backward compatibility, 'str' dtypes are included by select_dtypes when 'object' dtype is specified. This behavior is deprecated and will be removed in a future version. Explicitly pass 'str' to `include` to select them, or to `exclude` to remove them and silence this warning.
See https://pandas.pydata.org/docs/user_guide/migration-3-strings.html#string-migration-select-dtypes for details on how to write code that works with pandas 2 and 3.
  obj_cols = Xtr.select_dtypes(include=["object", "category"]).columns.tolist()
[I 2026-04-29 11:21:24,231] Trial 21 finished with value: 0.7400524185140709 and parameters: {'learning_rate': 0.038139686357391955, 'max_depth': 5, 'min_child_weight': 84, 'subsample': 0.7875067490506915, 'colsample_bytree': 0.8075301549946484, 'reg_alpha': 0.07858870143079047, 'reg_lambda': 0.23588077371848035, 'gamma': 0.03395505654121775}. Best is trial 21 with value: 0.7400524185140709.
/Users/admin/project_4/src/tune_optuna_xgb.py:62: Pandas4Warning: For backward compatibility, 'str' dtypes are included by select_dtypes when 'object' dtype is specified. This behavior is deprecated and will be removed in a future version. Explicitly pass 'str' to `include` to select them, or to `exclude` to remove them and silence this warning.
See https://pandas.pydata.org/docs/user_guide/migration-3-strings.html#string-migration-select-dtypes for details on how to write code that works with pandas 2 and 3.
  obj_cols = Xtr.select_dtypes(include=["object", "category"]).columns.tolist()
/Users/admin/project_4/src/tune_optuna_xgb.py:62: Pandas4Warning: For backward compatibility, 'str' dtypes are included by select_dtypes when 'object' dtype is specified. This behavior is deprecated and will be removed in a future version. Explicitly pass 'str' to `include` to select them, or to `exclude` to remove them and silence this warning.
See https://pandas.pydata.org/docs/user_guide/migration-3-strings.html#string-migration-select-dtypes for details on how to write code that works with pandas 2 and 3.
  obj_cols = Xtr.select_dtypes(include=["object", "category"]).columns.tolist()
/Users/admin/project_4/src/tune_optuna_xgb.py:62: Pandas4Warning: For backward compatibility, 'str' dtypes are included by select_dtypes when 'object' dtype is specified. This behavior is deprecated and will be removed in a future version. Explicitly pass 'str' to `include` to select them, or to `exclude` to remove them and silence this warning.
See https://pandas.pydata.org/docs/user_guide/migration-3-strings.html#string-migration-select-dtypes for details on how to write code that works with pandas 2 and 3.
  obj_cols = Xtr.select_dtypes(include=["object", "category"]).columns.tolist()
[I 2026-04-29 11:22:09,987] Trial 22 finished with value: 0.7399811140689123 and parameters: {'learning_rate': 0.038488249199701584, 'max_depth': 5, 'min_child_weight': 84, 'subsample': 0.7866740941833589, 'colsample_bytree': 0.8078589460917822, 'reg_alpha': 0.18430702852167063, 'reg_lambda': 0.18943627554542172, 'gamma': 0.2527804213629478}. Best is trial 21 with value: 0.7400524185140709.
/Users/admin/project_4/src/tune_optuna_xgb.py:62: Pandas4Warning: For backward compatibility, 'str' dtypes are included by select_dtypes when 'object' dtype is specified. This behavior is deprecated and will be removed in a future version. Explicitly pass 'str' to `include` to select them, or to `exclude` to remove them and silence this warning.
See https://pandas.pydata.org/docs/user_guide/migration-3-strings.html#string-migration-select-dtypes for details on how to write code that works with pandas 2 and 3.
  obj_cols = Xtr.select_dtypes(include=["object", "category"]).columns.tolist()
/Users/admin/project_4/src/tune_optuna_xgb.py:62: Pandas4Warning: For backward compatibility, 'str' dtypes are included by select_dtypes when 'object' dtype is specified. This behavior is deprecated and will be removed in a future version. Explicitly pass 'str' to `include` to select them, or to `exclude` to remove them and silence this warning.
See https://pandas.pydata.org/docs/user_guide/migration-3-strings.html#string-migration-select-dtypes for details on how to write code that works with pandas 2 and 3.
  obj_cols = Xtr.select_dtypes(include=["object", "category"]).columns.tolist()
/Users/admin/project_4/src/tune_optuna_xgb.py:62: Pandas4Warning: For backward compatibility, 'str' dtypes are included by select_dtypes when 'object' dtype is specified. This behavior is deprecated and will be removed in a future version. Explicitly pass 'str' to `include` to select them, or to `exclude` to remove them and silence this warning.
See https://pandas.pydata.org/docs/user_guide/migration-3-strings.html#string-migration-select-dtypes for details on how to write code that works with pandas 2 and 3.
  obj_cols = Xtr.select_dtypes(include=["object", "category"]).columns.tolist()
[I 2026-04-29 11:22:58,937] Trial 23 finished with value: 0.740024891338221 and parameters: {'learning_rate': 0.032931971139165246, 'max_depth': 5, 'min_child_weight': 87, 'subsample': 0.7879259337101082, 'colsample_bytree': 0.8102246766276487, 'reg_alpha': 0.055963808615890384, 'reg_lambda': 1.0133937549295151, 'gamma': 0.06493138779228967}. Best is trial 21 with value: 0.7400524185140709.
/Users/admin/project_4/src/tune_optuna_xgb.py:62: Pandas4Warning: For backward compatibility, 'str' dtypes are included by select_dtypes when 'object' dtype is specified. This behavior is deprecated and will be removed in a future version. Explicitly pass 'str' to `include` to select them, or to `exclude` to remove them and silence this warning.
See https://pandas.pydata.org/docs/user_guide/migration-3-strings.html#string-migration-select-dtypes for details on how to write code that works with pandas 2 and 3.
  obj_cols = Xtr.select_dtypes(include=["object", "category"]).columns.tolist()
/Users/admin/project_4/src/tune_optuna_xgb.py:62: Pandas4Warning: For backward compatibility, 'str' dtypes are included by select_dtypes when 'object' dtype is specified. This behavior is deprecated and will be removed in a future version. Explicitly pass 'str' to `include` to select them, or to `exclude` to remove them and silence this warning.
See https://pandas.pydata.org/docs/user_guide/migration-3-strings.html#string-migration-select-dtypes for details on how to write code that works with pandas 2 and 3.
  obj_cols = Xtr.select_dtypes(include=["object", "category"]).columns.tolist()
/Users/admin/project_4/src/tune_optuna_xgb.py:62: Pandas4Warning: For backward compatibility, 'str' dtypes are included by select_dtypes when 'object' dtype is specified. This behavior is deprecated and will be removed in a future version. Explicitly pass 'str' to `include` to select them, or to `exclude` to remove them and silence this warning.
See https://pandas.pydata.org/docs/user_guide/migration-3-strings.html#string-migration-select-dtypes for details on how to write code that works with pandas 2 and 3.
  obj_cols = Xtr.select_dtypes(include=["object", "category"]).columns.tolist()
[I 2026-04-29 11:23:44,296] Trial 24 finished with value: 0.7399751012265843 and parameters: {'learning_rate': 0.03114822725574261, 'max_depth': 6, 'min_child_weight': 90, 'subsample': 0.8485161614734078, 'colsample_bytree': 0.6783627897403106, 'reg_alpha': 0.04914854447793966, 'reg_lambda': 0.21880940897471926, 'gamma': 0.11091945841394932}. Best is trial 21 with value: 0.7400524185140709.
/Users/admin/project_4/src/tune_optuna_xgb.py:62: Pandas4Warning: For backward compatibility, 'str' dtypes are included by select_dtypes when 'object' dtype is specified. This behavior is deprecated and will be removed in a future version. Explicitly pass 'str' to `include` to select them, or to `exclude` to remove them and silence this warning.
See https://pandas.pydata.org/docs/user_guide/migration-3-strings.html#string-migration-select-dtypes for details on how to write code that works with pandas 2 and 3.
  obj_cols = Xtr.select_dtypes(include=["object", "category"]).columns.tolist()
/Users/admin/project_4/src/tune_optuna_xgb.py:62: Pandas4Warning: For backward compatibility, 'str' dtypes are included by select_dtypes when 'object' dtype is specified. This behavior is deprecated and will be removed in a future version. Explicitly pass 'str' to `include` to select them, or to `exclude` to remove them and silence this warning.
See https://pandas.pydata.org/docs/user_guide/migration-3-strings.html#string-migration-select-dtypes for details on how to write code that works with pandas 2 and 3.
  obj_cols = Xtr.select_dtypes(include=["object", "category"]).columns.tolist()
/Users/admin/project_4/src/tune_optuna_xgb.py:62: Pandas4Warning: For backward compatibility, 'str' dtypes are included by select_dtypes when 'object' dtype is specified. This behavior is deprecated and will be removed in a future version. Explicitly pass 'str' to `include` to select them, or to `exclude` to remove them and silence this warning.
See https://pandas.pydata.org/docs/user_guide/migration-3-strings.html#string-migration-select-dtypes for details on how to write code that works with pandas 2 and 3.
  obj_cols = Xtr.select_dtypes(include=["object", "category"]).columns.tolist()
[I 2026-04-29 11:24:43,046] Trial 25 finished with value: 0.7400630624295238 and parameters: {'learning_rate': 0.025250437590382042, 'max_depth': 5, 'min_child_weight': 75, 'subsample': 0.7659271582233903, 'colsample_bytree': 0.7996037522585402, 'reg_alpha': 0.30155382799902186, 'reg_lambda': 1.1054754050726803, 'gamma': 0.27694592828427284}. Best is trial 25 with value: 0.7400630624295238.
/Users/admin/project_4/src/tune_optuna_xgb.py:62: Pandas4Warning: For backward compatibility, 'str' dtypes are included by select_dtypes when 'object' dtype is specified. This behavior is deprecated and will be removed in a future version. Explicitly pass 'str' to `include` to select them, or to `exclude` to remove them and silence this warning.
See https://pandas.pydata.org/docs/user_guide/migration-3-strings.html#string-migration-select-dtypes for details on how to write code that works with pandas 2 and 3.
  obj_cols = Xtr.select_dtypes(include=["object", "category"]).columns.tolist()
/Users/admin/project_4/src/tune_optuna_xgb.py:62: Pandas4Warning: For backward compatibility, 'str' dtypes are included by select_dtypes when 'object' dtype is specified. This behavior is deprecated and will be removed in a future version. Explicitly pass 'str' to `include` to select them, or to `exclude` to remove them and silence this warning.
See https://pandas.pydata.org/docs/user_guide/migration-3-strings.html#string-migration-select-dtypes for details on how to write code that works with pandas 2 and 3.
  obj_cols = Xtr.select_dtypes(include=["object", "category"]).columns.tolist()
/Users/admin/project_4/src/tune_optuna_xgb.py:62: Pandas4Warning: For backward compatibility, 'str' dtypes are included by select_dtypes when 'object' dtype is specified. This behavior is deprecated and will be removed in a future version. Explicitly pass 'str' to `include` to select them, or to `exclude` to remove them and silence this warning.
See https://pandas.pydata.org/docs/user_guide/migration-3-strings.html#string-migration-select-dtypes for details on how to write code that works with pandas 2 and 3.
  obj_cols = Xtr.select_dtypes(include=["object", "category"]).columns.tolist()
[I 2026-04-29 11:25:29,345] Trial 26 finished with value: 0.7400298413575264 and parameters: {'learning_rate': 0.025709356925766595, 'max_depth': 6, 'min_child_weight': 74, 'subsample': 0.7597086328192104, 'colsample_bytree': 0.7456168508599808, 'reg_alpha': 0.7067671556606054, 'reg_lambda': 0.9680209018888096, 'gamma': 0.26576922592140445}. Best is trial 25 with value: 0.7400630624295238.
/Users/admin/project_4/src/tune_optuna_xgb.py:62: Pandas4Warning: For backward compatibility, 'str' dtypes are included by select_dtypes when 'object' dtype is specified. This behavior is deprecated and will be removed in a future version. Explicitly pass 'str' to `include` to select them, or to `exclude` to remove them and silence this warning.
See https://pandas.pydata.org/docs/user_guide/migration-3-strings.html#string-migration-select-dtypes for details on how to write code that works with pandas 2 and 3.
  obj_cols = Xtr.select_dtypes(include=["object", "category"]).columns.tolist()
/Users/admin/project_4/src/tune_optuna_xgb.py:62: Pandas4Warning: For backward compatibility, 'str' dtypes are included by select_dtypes when 'object' dtype is specified. This behavior is deprecated and will be removed in a future version. Explicitly pass 'str' to `include` to select them, or to `exclude` to remove them and silence this warning.
See https://pandas.pydata.org/docs/user_guide/migration-3-strings.html#string-migration-select-dtypes for details on how to write code that works with pandas 2 and 3.
  obj_cols = Xtr.select_dtypes(include=["object", "category"]).columns.tolist()
/Users/admin/project_4/src/tune_optuna_xgb.py:62: Pandas4Warning: For backward compatibility, 'str' dtypes are included by select_dtypes when 'object' dtype is specified. This behavior is deprecated and will be removed in a future version. Explicitly pass 'str' to `include` to select them, or to `exclude` to remove them and silence this warning.
See https://pandas.pydata.org/docs/user_guide/migration-3-strings.html#string-migration-select-dtypes for details on how to write code that works with pandas 2 and 3.
  obj_cols = Xtr.select_dtypes(include=["object", "category"]).columns.tolist()
[I 2026-04-29 11:26:20,706] Trial 27 finished with value: 0.7400492434270826 and parameters: {'learning_rate': 0.026068428369348542, 'max_depth': 5, 'min_child_weight': 68, 'subsample': 0.8225352021936202, 'colsample_bytree': 0.7912108321984976, 'reg_alpha': 0.33800615577461535, 'reg_lambda': 0.3008007187297949, 'gamma': 0.4818247454872948}. Best is trial 25 with value: 0.7400630624295238.
/Users/admin/project_4/src/tune_optuna_xgb.py:62: Pandas4Warning: For backward compatibility, 'str' dtypes are included by select_dtypes when 'object' dtype is specified. This behavior is deprecated and will be removed in a future version. Explicitly pass 'str' to `include` to select them, or to `exclude` to remove them and silence this warning.
See https://pandas.pydata.org/docs/user_guide/migration-3-strings.html#string-migration-select-dtypes for details on how to write code that works with pandas 2 and 3.
  obj_cols = Xtr.select_dtypes(include=["object", "category"]).columns.tolist()
/Users/admin/project_4/src/tune_optuna_xgb.py:62: Pandas4Warning: For backward compatibility, 'str' dtypes are included by select_dtypes when 'object' dtype is specified. This behavior is deprecated and will be removed in a future version. Explicitly pass 'str' to `include` to select them, or to `exclude` to remove them and silence this warning.
See https://pandas.pydata.org/docs/user_guide/migration-3-strings.html#string-migration-select-dtypes for details on how to write code that works with pandas 2 and 3.
  obj_cols = Xtr.select_dtypes(include=["object", "category"]).columns.tolist()
/Users/admin/project_4/src/tune_optuna_xgb.py:62: Pandas4Warning: For backward compatibility, 'str' dtypes are included by select_dtypes when 'object' dtype is specified. This behavior is deprecated and will be removed in a future version. Explicitly pass 'str' to `include` to select them, or to `exclude` to remove them and silence this warning.
See https://pandas.pydata.org/docs/user_guide/migration-3-strings.html#string-migration-select-dtypes for details on how to write code that works with pandas 2 and 3.
  obj_cols = Xtr.select_dtypes(include=["object", "category"]).columns.tolist()
[I 2026-04-29 11:26:58,489] Trial 28 finished with value: 0.7398105107021167 and parameters: {'learning_rate': 0.026668935589522064, 'max_depth': 7, 'min_child_weight': 67, 'subsample': 0.8800260007850984, 'colsample_bytree': 0.7883033554030623, 'reg_alpha': 0.3659450823345916, 'reg_lambda': 0.14293073561784037, 'gamma': 0.5370411147960115}. Best is trial 25 with value: 0.7400630624295238.
/Users/admin/project_4/src/tune_optuna_xgb.py:62: Pandas4Warning: For backward compatibility, 'str' dtypes are included by select_dtypes when 'object' dtype is specified. This behavior is deprecated and will be removed in a future version. Explicitly pass 'str' to `include` to select them, or to `exclude` to remove them and silence this warning.
See https://pandas.pydata.org/docs/user_guide/migration-3-strings.html#string-migration-select-dtypes for details on how to write code that works with pandas 2 and 3.
  obj_cols = Xtr.select_dtypes(include=["object", "category"]).columns.tolist()
/Users/admin/project_4/src/tune_optuna_xgb.py:62: Pandas4Warning: For backward compatibility, 'str' dtypes are included by select_dtypes when 'object' dtype is specified. This behavior is deprecated and will be removed in a future version. Explicitly pass 'str' to `include` to select them, or to `exclude` to remove them and silence this warning.
See https://pandas.pydata.org/docs/user_guide/migration-3-strings.html#string-migration-select-dtypes for details on how to write code that works with pandas 2 and 3.
  obj_cols = Xtr.select_dtypes(include=["object", "category"]).columns.tolist()
/Users/admin/project_4/src/tune_optuna_xgb.py:62: Pandas4Warning: For backward compatibility, 'str' dtypes are included by select_dtypes when 'object' dtype is specified. This behavior is deprecated and will be removed in a future version. Explicitly pass 'str' to `include` to select them, or to `exclude` to remove them and silence this warning.
See https://pandas.pydata.org/docs/user_guide/migration-3-strings.html#string-migration-select-dtypes for details on how to write code that works with pandas 2 and 3.
  obj_cols = Xtr.select_dtypes(include=["object", "category"]).columns.tolist()
