[1/3] Load data + v2 features (XGB Optuna)
  X: (256351, 210)

[2/3] Optuna search (30 trials, 3-fold OOF)
[I 2026-04-29 11:06:30,281] A new study created in memory with name: no-name-8154bdcd-e922-4884-9f9c-dd0cb2ab0327
/Users/admin/project_4/src/tune_optuna_xgb.py:62: Pandas4Warning: For backward compatibility, 'str' dtypes are included by select_dtypes when 'object' dtype is specified. This behavior is deprecated and will be removed in a future version. Explicitly pass 'str' to `include` to select them, or to `exclude` to remove them and silence this warning.
See https://pandas.pydata.org/docs/user_guide/migration-3-strings.html#string-migration-select-dtypes for details on how to write code that works with pandas 2 and 3.
  obj_cols = Xtr.select_dtypes(include=["object", "category"]).columns.tolist()
/Users/admin/project_4/src/tune_optuna_xgb.py:62: Pandas4Warning: For backward compatibility, 'str' dtypes are included by select_dtypes when 'object' dtype is specified. This behavior is deprecated and will be removed in a future version. Explicitly pass 'str' to `include` to select them, or to `exclude` to remove them and silence this warning.
See https://pandas.pydata.org/docs/user_guide/migration-3-strings.html#string-migration-select-dtypes for details on how to write code that works with pandas 2 and 3.
  obj_cols = Xtr.select_dtypes(include=["object", "category"]).columns.tolist()
/Users/admin/project_4/src/tune_optuna_xgb.py:62: Pandas4Warning: For backward compatibility, 'str' dtypes are included by select_dtypes when 'object' dtype is specified. This behavior is deprecated and will be removed in a future version. Explicitly pass 'str' to `include` to select them, or to `exclude` to remove them and silence this warning.
See https://pandas.pydata.org/docs/user_guide/migration-3-strings.html#string-migration-select-dtypes for details on how to write code that works with pandas 2 and 3.
  obj_cols = Xtr.select_dtypes(include=["object", "category"]).columns.tolist()
[I 2026-04-29 11:07:06,399] Trial 0 finished with value: 0.7392471946454149 and parameters: {'learning_rate': 0.031974613654705414, 'max_depth': 10, 'min_child_weight': 76, 'subsample': 0.8394633936788146, 'colsample_bytree': 0.6624074561769746, 'reg_alpha': 0.0032729742670534194, 'reg_lambda': 0.0015550191654264875, 'gamma': 0.8661761457749352}. Best is trial 0 with value: 0.7392471946454149.
/Users/admin/project_4/src/tune_optuna_xgb.py:62: Pandas4Warning: For backward compatibility, 'str' dtypes are included by select_dtypes when 'object' dtype is specified. This behavior is deprecated and will be removed in a future version. Explicitly pass 'str' to `include` to select them, or to `exclude` to remove them and silence this warning.
See https://pandas.pydata.org/docs/user_guide/migration-3-strings.html#string-migration-select-dtypes for details on how to write code that works with pandas 2 and 3.
  obj_cols = Xtr.select_dtypes(include=["object", "category"]).columns.tolist()
/Users/admin/project_4/src/tune_optuna_xgb.py:62: Pandas4Warning: For backward compatibility, 'str' dtypes are included by select_dtypes when 'object' dtype is specified. This behavior is deprecated and will be removed in a future version. Explicitly pass 'str' to `include` to select them, or to `exclude` to remove them and silence this warning.
See https://pandas.pydata.org/docs/user_guide/migration-3-strings.html#string-migration-select-dtypes for details on how to write code that works with pandas 2 and 3.
  obj_cols = Xtr.select_dtypes(include=["object", "category"]).columns.tolist()
/Users/admin/project_4/src/tune_optuna_xgb.py:62: Pandas4Warning: For backward compatibility, 'str' dtypes are included by select_dtypes when 'object' dtype is specified. This behavior is deprecated and will be removed in a future version. Explicitly pass 'str' to `include` to select them, or to `exclude` to remove them and silence this warning.
See https://pandas.pydata.org/docs/user_guide/migration-3-strings.html#string-migration-select-dtypes for details on how to write code that works with pandas 2 and 3.
  obj_cols = Xtr.select_dtypes(include=["object", "category"]).columns.tolist()
[I 2026-04-29 11:07:36,651] Trial 1 finished with value: 0.7383622252176245 and parameters: {'learning_rate': 0.042469530953180595, 'max_depth': 9, 'min_child_weight': 11, 'subsample': 0.9879639408647978, 'colsample_bytree': 0.9329770563201687, 'reg_alpha': 0.005022706182399987, 'reg_lambda': 0.003982994169892408, 'gamma': 0.18340450985343382}. Best is trial 0 with value: 0.7392471946454149.
/Users/admin/project_4/src/tune_optuna_xgb.py:62: Pandas4Warning: For backward compatibility, 'str' dtypes are included by select_dtypes when 'object' dtype is specified. This behavior is deprecated and will be removed in a future version. Explicitly pass 'str' to `include` to select them, or to `exclude` to remove them and silence this warning.
See https://pandas.pydata.org/docs/user_guide/migration-3-strings.html#string-migration-select-dtypes for details on how to write code that works with pandas 2 and 3.
  obj_cols = Xtr.select_dtypes(include=["object", "category"]).columns.tolist()
/Users/admin/project_4/src/tune_optuna_xgb.py:62: Pandas4Warning: For backward compatibility, 'str' dtypes are included by select_dtypes when 'object' dtype is specified. This behavior is deprecated and will be removed in a future version. Explicitly pass 'str' to `include` to select them, or to `exclude` to remove them and silence this warning.
See https://pandas.pydata.org/docs/user_guide/migration-3-strings.html#string-migration-select-dtypes for details on how to write code that works with pandas 2 and 3.
  obj_cols = Xtr.select_dtypes(include=["object", "category"]).columns.tolist()
/Users/admin/project_4/src/tune_optuna_xgb.py:62: Pandas4Warning: For backward compatibility, 'str' dtypes are included by select_dtypes when 'object' dtype is specified. This behavior is deprecated and will be removed in a future version. Explicitly pass 'str' to `include` to select them, or to `exclude` to remove them and silence this warning.
See https://pandas.pydata.org/docs/user_guide/migration-3-strings.html#string-migration-select-dtypes for details on how to write code that works with pandas 2 and 3.
  obj_cols = Xtr.select_dtypes(include=["object", "category"]).columns.tolist()
[I 2026-04-29 11:08:16,198] Trial 2 finished with value: 0.7396231441959644 and parameters: {'learning_rate': 0.029279150889166362, 'max_depth': 8, 'min_child_weight': 49, 'subsample': 0.7164916560792167, 'colsample_bytree': 0.8447411578889518, 'reg_alpha': 0.0028871770589042893, 'reg_lambda': 0.009212515846231667, 'gamma': 0.3663618432936917}. Best is trial 2 with value: 0.7396231441959644.
/Users/admin/project_4/src/tune_optuna_xgb.py:62: Pandas4Warning: For backward compatibility, 'str' dtypes are included by select_dtypes when 'object' dtype is specified. This behavior is deprecated and will be removed in a future version. Explicitly pass 'str' to `include` to select them, or to `exclude` to remove them and silence this warning.
See https://pandas.pydata.org/docs/user_guide/migration-3-strings.html#string-migration-select-dtypes for details on how to write code that works with pandas 2 and 3.
  obj_cols = Xtr.select_dtypes(include=["object", "category"]).columns.tolist()
/Users/admin/project_4/src/tune_optuna_xgb.py:62: Pandas4Warning: For backward compatibility, 'str' dtypes are included by select_dtypes when 'object' dtype is specified. This behavior is deprecated and will be removed in a future version. Explicitly pass 'str' to `include` to select them, or to `exclude` to remove them and silence this warning.
See https://pandas.pydata.org/docs/user_guide/migration-3-strings.html#string-migration-select-dtypes for details on how to write code that works with pandas 2 and 3.
  obj_cols = Xtr.select_dtypes(include=["object", "category"]).columns.tolist()
/Users/admin/project_4/src/tune_optuna_xgb.py:62: Pandas4Warning: For backward compatibility, 'str' dtypes are included by select_dtypes when 'object' dtype is specified. This behavior is deprecated and will be removed in a future version. Explicitly pass 'str' to `include` to select them, or to `exclude` to remove them and silence this warning.
See https://pandas.pydata.org/docs/user_guide/migration-3-strings.html#string-migration-select-dtypes for details on how to write code that works with pandas 2 and 3.
  obj_cols = Xtr.select_dtypes(include=["object", "category"]).columns.tolist()
[I 2026-04-29 11:08:50,598] Trial 3 finished with value: 0.7390075706818942 and parameters: {'learning_rate': 0.03541303103802954, 'max_depth': 9, 'min_child_weight': 28, 'subsample': 0.8056937753654446, 'colsample_bytree': 0.836965827544817, 'reg_alpha': 0.0014234237430895472, 'reg_lambda': 0.10128002032729375, 'gamma': 0.17052412368729153}. Best is trial 2 with value: 0.7396231441959644.
/Users/admin/project_4/src/tune_optuna_xgb.py:62: Pandas4Warning: For backward compatibility, 'str' dtypes are included by select_dtypes when 'object' dtype is specified. This behavior is deprecated and will be removed in a future version. Explicitly pass 'str' to `include` to select them, or to `exclude` to remove them and silence this warning.
See https://pandas.pydata.org/docs/user_guide/migration-3-strings.html#string-migration-select-dtypes for details on how to write code that works with pandas 2 and 3.
  obj_cols = Xtr.select_dtypes(include=["object", "category"]).columns.tolist()
/Users/admin/project_4/src/tune_optuna_xgb.py:62: Pandas4Warning: For backward compatibility, 'str' dtypes are included by select_dtypes when 'object' dtype is specified. This behavior is deprecated and will be removed in a future version. Explicitly pass 'str' to `include` to select them, or to `exclude` to remove them and silence this warning.
See https://pandas.pydata.org/docs/user_guide/migration-3-strings.html#string-migration-select-dtypes for details on how to write code that works with pandas 2 and 3.
  obj_cols = Xtr.select_dtypes(include=["object", "category"]).columns.tolist()
/Users/admin/project_4/src/tune_optuna_xgb.py:62: Pandas4Warning: For backward compatibility, 'str' dtypes are included by select_dtypes when 'object' dtype is specified. This behavior is deprecated and will be removed in a future version. Explicitly pass 'str' to `include` to select them, or to `exclude` to remove them and silence this warning.
See https://pandas.pydata.org/docs/user_guide/migration-3-strings.html#string-migration-select-dtypes for details on how to write code that works with pandas 2 and 3.
  obj_cols = Xtr.select_dtypes(include=["object", "category"]).columns.tolist()
[I 2026-04-29 11:09:37,523] Trial 4 finished with value: 0.7393892738912904 and parameters: {'learning_rate': 0.021698139082180892, 'max_depth': 10, 'min_child_weight': 97, 'subsample': 0.9233589392465844, 'colsample_bytree': 0.7218455076693483, 'reg_alpha': 0.002100963841506429, 'reg_lambda': 0.18141523033666787, 'gamma': 0.4401524937396013}. Best is trial 2 with value: 0.7396231441959644.
/Users/admin/project_4/src/tune_optuna_xgb.py:62: Pandas4Warning: For backward compatibility, 'str' dtypes are included by select_dtypes when 'object' dtype is specified. This behavior is deprecated and will be removed in a future version. Explicitly pass 'str' to `include` to select them, or to `exclude` to remove them and silence this warning.
See https://pandas.pydata.org/docs/user_guide/migration-3-strings.html#string-migration-select-dtypes for details on how to write code that works with pandas 2 and 3.
  obj_cols = Xtr.select_dtypes(include=["object", "category"]).columns.tolist()
/Users/admin/project_4/src/tune_optuna_xgb.py:62: Pandas4Warning: For backward compatibility, 'str' dtypes are included by select_dtypes when 'object' dtype is specified. This behavior is deprecated and will be removed in a future version. Explicitly pass 'str' to `include` to select them, or to `exclude` to remove them and silence this warning.
See https://pandas.pydata.org/docs/user_guide/migration-3-strings.html#string-migration-select-dtypes for details on how to write code that works with pandas 2 and 3.
  obj_cols = Xtr.select_dtypes(include=["object", "category"]).columns.tolist()
/Users/admin/project_4/src/tune_optuna_xgb.py:62: Pandas4Warning: For backward compatibility, 'str' dtypes are included by select_dtypes when 'object' dtype is specified. This behavior is deprecated and will be removed in a future version. Explicitly pass 'str' to `include` to select them, or to `exclude` to remove them and silence this warning.
See https://pandas.pydata.org/docs/user_guide/migration-3-strings.html#string-migration-select-dtypes for details on how to write code that works with pandas 2 and 3.
  obj_cols = Xtr.select_dtypes(include=["object", "category"]).columns.tolist()
[I 2026-04-29 11:10:25,252] Trial 5 finished with value: 0.7395537846395037 and parameters: {'learning_rate': 0.023303819050990365, 'max_depth': 7, 'min_child_weight': 13, 'subsample': 0.9637281608315128, 'colsample_bytree': 0.7035119926400067, 'reg_alpha': 0.15381756551300374, 'reg_lambda': 0.010689751565977935, 'gamma': 0.5200680211778108}. Best is trial 2 with value: 0.7396231441959644.
/Users/admin/project_4/src/tune_optuna_xgb.py:62: Pandas4Warning: For backward compatibility, 'str' dtypes are included by select_dtypes when 'object' dtype is specified. This behavior is deprecated and will be removed in a future version. Explicitly pass 'str' to `include` to select them, or to `exclude` to remove them and silence this warning.
See https://pandas.pydata.org/docs/user_guide/migration-3-strings.html#string-migration-select-dtypes for details on how to write code that works with pandas 2 and 3.
  obj_cols = Xtr.select_dtypes(include=["object", "category"]).columns.tolist()
/Users/admin/project_4/src/tune_optuna_xgb.py:62: Pandas4Warning: For backward compatibility, 'str' dtypes are included by select_dtypes when 'object' dtype is specified. This behavior is deprecated and will be removed in a future version. Explicitly pass 'str' to `include` to select them, or to `exclude` to remove them and silence this warning.
See https://pandas.pydata.org/docs/user_guide/migration-3-strings.html#string-migration-select-dtypes for details on how to write code that works with pandas 2 and 3.
  obj_cols = Xtr.select_dtypes(include=["object", "category"]).columns.tolist()
/Users/admin/project_4/src/tune_optuna_xgb.py:62: Pandas4Warning: For backward compatibility, 'str' dtypes are included by select_dtypes when 'object' dtype is specified. This behavior is deprecated and will be removed in a future version. Explicitly pass 'str' to `include` to select them, or to `exclude` to remove them and silence this warning.
See https://pandas.pydata.org/docs/user_guide/migration-3-strings.html#string-migration-select-dtypes for details on how to write code that works with pandas 2 and 3.
  obj_cols = Xtr.select_dtypes(include=["object", "category"]).columns.tolist()
[I 2026-04-29 11:11:05,552] Trial 6 finished with value: 0.7398374169415344 and parameters: {'learning_rate': 0.03967140559190183, 'max_depth': 6, 'min_child_weight': 98, 'subsample': 0.9100531293444458, 'colsample_bytree': 0.9757995766256756, 'reg_alpha': 0.8991909447343748, 'reg_lambda': 0.09412083349710851, 'gamma': 0.9218742350231168}. Best is trial 6 with value: 0.7398374169415344.
/Users/admin/project_4/src/tune_optuna_xgb.py:62: Pandas4Warning: For backward compatibility, 'str' dtypes are included by select_dtypes when 'object' dtype is specified. This behavior is deprecated and will be removed in a future version. Explicitly pass 'str' to `include` to select them, or to `exclude` to remove them and silence this warning.
See https://pandas.pydata.org/docs/user_guide/migration-3-strings.html#string-migration-select-dtypes for details on how to write code that works with pandas 2 and 3.
  obj_cols = Xtr.select_dtypes(include=["object", "category"]).columns.tolist()
/Users/admin/project_4/src/tune_optuna_xgb.py:62: Pandas4Warning: For backward compatibility, 'str' dtypes are included by select_dtypes when 'object' dtype is specified. This behavior is deprecated and will be removed in a future version. Explicitly pass 'str' to `include` to select them, or to `exclude` to remove them and silence this warning.
See https://pandas.pydata.org/docs/user_guide/migration-3-strings.html#string-migration-select-dtypes for details on how to write code that works with pandas 2 and 3.
  obj_cols = Xtr.select_dtypes(include=["object", "category"]).columns.tolist()
/Users/admin/project_4/src/tune_optuna_xgb.py:62: Pandas4Warning: For backward compatibility, 'str' dtypes are included by select_dtypes when 'object' dtype is specified. This behavior is deprecated and will be removed in a future version. Explicitly pass 'str' to `include` to select them, or to `exclude` to remove them and silence this warning.
See https://pandas.pydata.org/docs/user_guide/migration-3-strings.html#string-migration-select-dtypes for details on how to write code that works with pandas 2 and 3.
  obj_cols = Xtr.select_dtypes(include=["object", "category"]).columns.tolist()
[I 2026-04-29 11:11:58,142] Trial 7 finished with value: 0.739977589935992 and parameters: {'learning_rate': 0.02234477254534094, 'max_depth': 6, 'min_child_weight': 14, 'subsample': 0.7301321323053057, 'colsample_bytree': 0.7554709158757927, 'reg_alpha': 0.007865589790890783, 'reg_lambda': 0.5441108375656201, 'gamma': 0.3567533266935893}. Best is trial 7 with value: 0.739977589935992.
/Users/admin/project_4/src/tune_optuna_xgb.py:62: Pandas4Warning: For backward compatibility, 'str' dtypes are included by select_dtypes when 'object' dtype is specified. This behavior is deprecated and will be removed in a future version. Explicitly pass 'str' to `include` to select them, or to `exclude` to remove them and silence this warning.
See https://pandas.pydata.org/docs/user_guide/migration-3-strings.html#string-migration-select-dtypes for details on how to write code that works with pandas 2 and 3.
  obj_cols = Xtr.select_dtypes(include=["object", "category"]).columns.tolist()
/Users/admin/project_4/src/tune_optuna_xgb.py:62: Pandas4Warning: For backward compatibility, 'str' dtypes are included by select_dtypes when 'object' dtype is specified. This behavior is deprecated and will be removed in a future version. Explicitly pass 'str' to `include` to select them, or to `exclude` to remove them and silence this warning.
See https://pandas.pydata.org/docs/user_guide/migration-3-strings.html#string-migration-select-dtypes for details on how to write code that works with pandas 2 and 3.
  obj_cols = Xtr.select_dtypes(include=["object", "category"]).columns.tolist()
/Users/admin/project_4/src/tune_optuna_xgb.py:62: Pandas4Warning: For backward compatibility, 'str' dtypes are included by select_dtypes when 'object' dtype is specified. This behavior is deprecated and will be removed in a future version. Explicitly pass 'str' to `include` to select them, or to `exclude` to remove them and silence this warning.
See https://pandas.pydata.org/docs/user_guide/migration-3-strings.html#string-migration-select-dtypes for details on how to write code that works with pandas 2 and 3.
  obj_cols = Xtr.select_dtypes(include=["object", "category"]).columns.tolist()
[I 2026-04-29 11:12:37,699] Trial 8 finished with value: 0.7394865721721833 and parameters: {'learning_rate': 0.028436587942999154, 'max_depth': 8, 'min_child_weight': 22, 'subsample': 0.9208787923016158, 'colsample_bytree': 0.6298202574719083, 'reg_alpha': 1.8102701073330134, 'reg_lambda': 0.3541629671265132, 'gamma': 0.1987156815341724}. Best is trial 7 with value: 0.739977589935992.
/Users/admin/project_4/src/tune_optuna_xgb.py:62: Pandas4Warning: For backward compatibility, 'str' dtypes are included by select_dtypes when 'object' dtype is specified. This behavior is deprecated and will be removed in a future version. Explicitly pass 'str' to `include` to select them, or to `exclude` to remove them and silence this warning.
See https://pandas.pydata.org/docs/user_guide/migration-3-strings.html#string-migration-select-dtypes for details on how to write code that works with pandas 2 and 3.
  obj_cols = Xtr.select_dtypes(include=["object", "category"]).columns.tolist()
/Users/admin/project_4/src/tune_optuna_xgb.py:62: Pandas4Warning: For backward compatibility, 'str' dtypes are included by select_dtypes when 'object' dtype is specified. This behavior is deprecated and will be removed in a future version. Explicitly pass 'str' to `include` to select them, or to `exclude` to remove them and silence this warning.
See https://pandas.pydata.org/docs/user_guide/migration-3-strings.html#string-migration-select-dtypes for details on how to write code that works with pandas 2 and 3.
  obj_cols = Xtr.select_dtypes(include=["object", "category"]).columns.tolist()
/Users/admin/project_4/src/tune_optuna_xgb.py:62: Pandas4Warning: For backward compatibility, 'str' dtypes are included by select_dtypes when 'object' dtype is specified. This behavior is deprecated and will be removed in a future version. Explicitly pass 'str' to `include` to select them, or to `exclude` to remove them and silence this warning.
See https://pandas.pydata.org/docs/user_guide/migration-3-strings.html#string-migration-select-dtypes for details on how to write code that works with pandas 2 and 3.
  obj_cols = Xtr.select_dtypes(include=["object", "category"]).columns.tolist()
